The push refers to repository [ghcr.io/scp-2021-jan-cmpt-756/team-d-cmpt756db]
7a22a18f5fb6: Preparing
85becd5b95e5: Preparing
b6c65921ec05: Preparing
347fa430a83e: Preparing
1d70a1a1f370: Preparing
1c1dfd72029c: Preparing
3382a8f4aa7e: Preparing
3c08bad1e0e1: Preparing
d80c74ef0232: Preparing
3ba395cfe109: Preparing
95cff0b90fb3: Preparing
1c1dfd72029c: Waiting
3382a8f4aa7e: Waiting
3c08bad1e0e1: Waiting
d80c74ef0232: Waiting
3ba395cfe109: Waiting
95cff0b90fb3: Waiting
7a22a18f5fb6: Layer already exists
b6c65921ec05: Layer already exists
85becd5b95e5: Layer already exists
347fa430a83e: Layer already exists
1d70a1a1f370: Layer already exists
3c08bad1e0e1: Layer already exists
d80c74ef0232: Layer already exists
3ba395cfe109: Layer already exists
3382a8f4aa7e: Layer already exists
1c1dfd72029c: Layer already exists
95cff0b90fb3: Layer already exists
v1: digest: sha256:e096d583ce56069e3abb88348f5cbd12425b56f9725e17290e46a3660702165d size: 2614
